<?xml version="1.0" encoding="UTF-8"?>
<testsuite name="HelloWorldTest" tests="1" skipped="0" failures="0" errors="0" timestamp="2022-09-06T09:01:59" hostname="MBP-de-Saray" time="0.012">
  <properties/>
  <testcase name="helloWorldTest" classname="HelloWorldTest" time="0.012"/>
  <system-out><![CDATA[]]></system-out>
  <system-err><![CDATA[]]></system-err>
</testsuite>
